<?xml version="1.0" encoding="UTF-8"?>
<!-- Generated by org.testng.reporters.JUnitReportReporter -->
<testsuite hostname="Basils-MBP" failures="0" tests="2" name="LearnChromeDriver.SetChromeDriver" time="47.086" errors="0" timestamp="2022-01-07T01:00:58 NZDT" skipped="0">
  <testcase classname="LearnChromeDriver.SetChromeDriver" name="verifyPageTitle" time="20.131"/>
  <system-out/>
  <testcase classname="LearnChromeDriver.SetChromeDriver" name="findTagCount" time="26.955"/>
  <system-out/>
</testsuite> <!-- LearnChromeDriver.SetChromeDriver -->
