<?xml version="1.0" encoding="UTF-8"?>
<!-- Generated by org.testng.reporters.JUnitReportReporter -->
<testsuite hostname="Basils-MBP" failures="0" tests="3" name="TestngAnnotations_1" time="0.099" errors="0" timestamp="2022-01-07T15:52:13 NZDT" skipped="1">
  <testcase classname="TestngAnnotations_1" name="test1" time="0.066"/>
  <system-out/>
  <testcase classname="TestngAnnotations_1" name="test2" time="0.033"/>
  <system-out/>
  <testcase classname="TestngAnnotations_1" name="test3">
    <skipped/>
  </testcase> <!-- test3 -->
  <system-out/>
</testsuite> <!-- TestngAnnotations_1 -->
