<?xml version="1.0" encoding="UTF-8"?>
<!-- Generated by org.testng.reporters.JUnitReportReporter -->
<testsuite hostname="Basils-MBP" failures="0" tests="2" name="LearnChromeDriver.SetChromeDriver" time="52.853" errors="0" timestamp="2022-01-07T13:54:12 NZDT" skipped="0">
  <testcase classname="LearnChromeDriver.SetChromeDriver" name="verifyPageTitle" time="30.496"/>
  <system-out/>
  <testcase classname="LearnChromeDriver.SetChromeDriver" name="findTagCount" time="22.357"/>
  <system-out/>
</testsuite> <!-- LearnChromeDriver.SetChromeDriver -->
