<?xml version="1.0" encoding="UTF-8"?>
<!-- Generated by org.testng.reporters.JUnitReportReporter -->
<testsuite hostname="Basils-MBP" failures="0" tests="1" name="SeleniumDay2" time="61.661" errors="0" timestamp="2022-01-07T15:31:31 NZDT" skipped="0">
  <testcase classname="SeleniumDay2" name="verifyPageTitle" time="61.661"/>
  <system-out/>
</testsuite> <!-- SeleniumDay2 -->
