<?xml version="1.0" encoding="UTF-8"?>
<!-- Generated by org.testng.reporters.JUnitReportReporter -->
<testsuite hostname="Basils-MBP" failures="0" tests="1" name="LocateElement" time="49.397" errors="0" timestamp="2022-01-07T16:11:28 NZDT" skipped="0">
  <testcase classname="LocateElement" name="findImg" time="49.397"/>
  <system-out/>
</testsuite> <!-- LocateElement -->
