<?xml version="1.0" encoding="UTF-8"?>
<!-- Generated by org.testng.reporters.JUnitReportReporter -->
<testsuite hostname="Basils-MBP" failures="0" tests="2" name="com.obsqura.assignments.CountElements" time="0.376" errors="0" timestamp="2022-01-09T17:21:39 NZDT" skipped="0">
  <testcase classname="com.obsqura.assignments.CountElements" name="countAnchorTag" time="0.183"/>
  <system-out/>
  <testcase classname="com.obsqura.assignments.CountElements" name="countElements" time="0.193"/>
  <system-out/>
</testsuite> <!-- com.obsqura.assignments.CountElements -->
